<?xml version="1.0" encoding="UTF-8"?>
<testsuite xmlns:xsi="http://www.w3.org/2001/XMLSchema-instance" xsi:schemaLocation="https://maven.apache.org/surefire/maven-surefire-plugin/xsd/surefire-test-report.xsd" name="com.accenture.lkm.AppTest" time="0.062" tests="2" errors="0" skipped="0" failures="0">
  <properties>
[...]
</properties>
  <testcase name="concatTest" classname="com.accenture.lkm.AppTest" time="0.016"/>
  <testcase name="shouldAnswerWithTrue" classname="com.accenture.lkm.AppTest" time="0"/>
</testsuite>